Using pre-set license
Built from '2020.3/staging' branch; Version is '2020.3.20f1 (41c4e627c95f) revision 4310246'; Using compiler version '192528614'; Build Type 'Release'
OS: 'Windows 10 Home; OS build 19042.1348; Version 2009; 64bit' Language: 'es' Physical Memory: 16228 MB
BatchMode: 1, IsHumanControllingUs: 0, StartBugReporterOnCrash: 0, Is64bit: 1, IsPro: 0

COMMAND LINE ARGUMENTS:
C:\Program Files\Unity\Hub\Editor\2020.3.20f1\Editor\Unity.exe
-adb2
-batchMode
-noUpm
-name
AssetImportWorker0
-projectPath
C:/Users/Leuris/Desktop/ITLA/C3-2021/Programaci贸n 3/Proyecto 2/New Unity Project/AlienVsBalloom
-logFile
Logs/AssetImportWorker0.log
-srvPort
53997
Successfully changed project path to: C:/Users/Leuris/Desktop/ITLA/C3-2021/Programaci贸n 3/Proyecto 2/New Unity Project/AlienVsBalloom
C:/Users/Leuris/Desktop/ITLA/C3-2021/Programaci贸n 3/Proyecto 2/New Unity Project/AlienVsBalloom
Using Asset Import Pipeline V2.
Refreshing native plugins compatible for Editor in 97.22 ms, found 3 plugins.
Preloading 0 native plugins for Editor in 0.00 ms.
Initialize engine version: 2020.3.20f1 (41c4e627c95f)
[Subsystems] Discovering subsystems at path C:/Program Files/Unity/Hub/Editor/2020.3.20f1/Editor/Data/Resources/UnitySubsystems
[Subsystems] Discovering subsystems at path C:/Users/Leuris/Desktop/ITLA/C3-2021/Programaci贸n 3/Proyecto 2/New Unity Project/AlienVsBalloom/Assets
GfxDevice: creating device client; threaded=0
Direct3D:
    Version:  Direct3D 11.0 [level 11.1]
    Renderer: NVIDIA GeForce GTX 1050 Ti (ID=0x1c8c)
    Vendor:   
    VRAM:     4018 MB
    Driver:   27.21.14.6231
Initialize mono
Mono path[0] = 'C:/Program Files/Unity/Hub/Editor/2020.3.20f1/Editor/Data/Managed'
Mono path[1] = 'C:/Program Files/Unity/Hub/Editor/2020.3.20f1/Editor/Data/MonoBleedingEdge/lib/mono/unityjit'
Mono config path = 'C:/Program Files/Unity/Hub/Editor/2020.3.20f1/Editor/Data/MonoBleedingEdge/etc'
Using monoOptions --debugger-agent=transport=dt_socket,embedding=1,server=y,suspend=n,address=127.0.0.1:56344
Begin MonoManager ReloadAssembly
Registering precompiled unity dll's ...
Register platform support module: C:/Program Files/Unity/Hub/Editor/2020.3.20f1/Editor/Data/PlaybackEngines/WindowsStandaloneSupport/UnityEditor.WindowsStandalone.Extensions.dll
Registered in 0.003780 seconds.
Native extension for WindowsStandalone target not found
Refreshing native plugins compatible for Editor in 138.36 ms, found 3 plugins.
Preloading 0 native plugins for Editor in 0.00 ms.
Mono: successfully reloaded assembly
- Completed reload, in  2.524 seconds
Domain Reload Profiling:
	ReloadAssembly (2524ms)
		BeginReloadAssembly (108ms)
			ExecutionOrderSort (0ms)
			DisableScriptedObjects (0ms)
			BackupInstance (0ms)
			ReleaseScriptingObjects (0ms)
			CreateAndSetChildDomain (1ms)
		EndReloadAssembly (1203ms)
			LoadAssemblies (103ms)
			RebuildTransferFunctionScriptingTraits (0ms)
			SetupTypeCache (374ms)
			ReleaseScriptCaches (0ms)
			RebuildScriptCaches (135ms)
			SetupLoadedEditorAssemblies (398ms)
				LogAssemblyErrors (0ms)
				InitializePlatformSupportModulesInManaged (15ms)
				SetLoadedEditorAssemblies (1ms)
				RefreshPlugins (139ms)
				BeforeProcessingInitializeOnLoad (25ms)
				ProcessInitializeOnLoadAttributes (170ms)
				ProcessInitializeOnLoadMethodAttributes (48ms)
				AfterProcessingInitializeOnLoad (0ms)
				EditorAssembliesLoaded (0ms)
			ExecutionOrderSort2 (0ms)
			AwakeInstancesAfterBackupRestoration (0ms)
Platform modules already initialized, skipping
Registering precompiled user dll's ...
Registered in 0.006361 seconds.
Begin MonoManager ReloadAssembly
Native extension for WindowsStandalone target not found
Refreshing native plugins compatible for Editor in 74.71 ms, found 3 plugins.
Preloading 0 native plugins for Editor in 0.00 ms.
Mono: successfully reloaded assembly
- Completed reload, in  2.137 seconds
Domain Reload Profiling:
	ReloadAssembly (2139ms)
		BeginReloadAssembly (275ms)
			ExecutionOrderSort (0ms)
			DisableScriptedObjects (7ms)
			BackupInstance (0ms)
			ReleaseScriptingObjects (0ms)
			CreateAndSetChildDomain (33ms)
		EndReloadAssembly (1753ms)
			LoadAssemblies (171ms)
			RebuildTransferFunctionScriptingTraits (0ms)
			SetupTypeCache (596ms)
			ReleaseScriptCaches (1ms)
			RebuildScriptCaches (81ms)
			SetupLoadedEditorAssemblies (672ms)
				LogAssemblyErrors (0ms)
				InitializePlatformSupportModulesInManaged (6ms)
				SetLoadedEditorAssemblies (1ms)
				RefreshPlugins (75ms)
				BeforeProcessingInitializeOnLoad (153ms)
				ProcessInitializeOnLoadAttributes (402ms)
				ProcessInitializeOnLoadMethodAttributes (23ms)
				AfterProcessingInitializeOnLoad (12ms)
				EditorAssembliesLoaded (0ms)
			ExecutionOrderSort2 (0ms)
			AwakeInstancesAfterBackupRestoration (12ms)
Platform modules already initialized, skipping
========================================================================
Worker process is ready to serve import requests
Launched and connected shader compiler UnityShaderCompiler.exe after 0.17 seconds
Refreshing native plugins compatible for Editor in 1.08 ms, found 3 plugins.
Preloading 0 native plugins for Editor in 0.00 ms.
Unloading 2104 Unused Serialized files (Serialized files now loaded: 0)
System memory in use before: 94.1 MB.
System memory in use after: 94.2 MB.

Unloading 26 unused Assets to reduce memory usage. Loaded Objects now: 2544.
Total: 5.393100 ms (FindLiveObjects: 0.289900 ms CreateObjectMapping: 0.118700 ms MarkObjects: 4.817400 ms  DeleteObjects: 0.165300 ms)

AssetImportParameters requested are different than current active one (requested -> active):
  custom:framework-win-MediaFoundation: 216162199b28c13a410421893ffa2e32 -> 
  custom:video-decoder-ogg-theora: a1e56fd34408186e4bbccfd4996cb3dc -> 
  custom:container-muxer-webm: aa71ff27fc2769a1b78a27578f13a17b -> 
  custom:container-demuxer-webm: 4f35f7cbe854078d1ac9338744f61a02 -> 
  custom:container-demuxer-ogg: 62fdf1f143b41e24485cea50d1cbac27 -> 
  custom:video-encoder-webm-vp8: eb34c28f22e8b96e1ab97ce403110664 -> 
  custom:video-decoder-webm-vp8: 9c59270c3fd7afecdb556c50c9e8de78 -> 
  custom:audio-decoder-ogg-vorbis: bf7c407c2cedff20999df2af8eb42d56 -> 
  custom:audio-encoder-webm-vorbis: bf7c407c2cedff20999df2af8eb42d56 -> 
========================================================================
Received Import Request.
  path: Assets/sprites/stars 1.png
  artifactKey: Guid(6901ff95a0d3b44448f80416ffeab737) Importer(815301076,1909f56bfc062723c751e8b465ee728b)
Start importing Assets/sprites/stars 1.png using Guid(6901ff95a0d3b44448f80416ffeab737) Importer(815301076,1909f56bfc062723c751e8b465ee728b)  -> (artifact id: 'eeb6d62088b1252edd8dc66891c052ef') in 0.310526 seconds 
  Import took 0.315631 seconds .

========================================================================
Received Import Request.
  Time since last request: 135.389842 seconds.
  path: Assets/sprites/stars 1.png
  artifactKey: Guid(6901ff95a0d3b44448f80416ffeab737) Importer(815301076,1909f56bfc062723c751e8b465ee728b)
Start importing Assets/sprites/stars 1.png using Guid(6901ff95a0d3b44448f80416ffeab737) Importer(815301076,1909f56bfc062723c751e8b465ee728b)  -> (artifact id: 'e0b0ad13d625d7fe5a85f350ea65eff4') in 0.038185 seconds 
  Import took 0.047232 seconds .

========================================================================
Received Import Request.
  Time since last request: 121.808312 seconds.
  path: Assets/sprites/stars 1.png
  artifactKey: Guid(6901ff95a0d3b44448f80416ffeab737) Importer(815301076,1909f56bfc062723c751e8b465ee728b)
Start importing Assets/sprites/stars 1.png using Guid(6901ff95a0d3b44448f80416ffeab737) Importer(815301076,1909f56bfc062723c751e8b465ee728b)  -> (artifact id: 'dea2180f6bc0c73632f4fccf6665e02b') in 0.090432 seconds 
  Import took 0.098082 seconds .

========================================================================
Received Import Request.
  Time since last request: 29.532188 seconds.
  path: Assets/Animations/ss
  artifactKey: Guid(099c777fd07ef564c8f08c748afa18f1) Importer(815301076,1909f56bfc062723c751e8b465ee728b)
Start importing Assets/Animations/ss using Guid(099c777fd07ef564c8f08c748afa18f1) Importer(815301076,1909f56bfc062723c751e8b465ee728b)  -> (artifact id: 'd5efd57ca38715057beac4e0fa1236c8') in 0.022144 seconds 
  Import took 0.029542 seconds .

========================================================================
Received Import Request.
  Time since last request: 7.973448 seconds.
  path: Assets/Animations/ss/iddle.anim
  artifactKey: Guid(d37dbd169069e704786bbbbef7622eb2) Importer(815301076,1909f56bfc062723c751e8b465ee728b)
Start importing Assets/Animations/ss/iddle.anim using Guid(d37dbd169069e704786bbbbef7622eb2) Importer(815301076,1909f56bfc062723c751e8b465ee728b)  -> (artifact id: '1e93140bb518b593f62370db659c56f8') in 0.029281 seconds 
  Import took 0.037966 seconds .

========================================================================
Received Import Request.
  Time since last request: 48.478992 seconds.
  path: Assets/sprites/New Animation.anim
  artifactKey: Guid(15151196b074cd24da9b1dd37a6098f0) Importer(815301076,1909f56bfc062723c751e8b465ee728b)
Start importing Assets/sprites/New Animation.anim using Guid(15151196b074cd24da9b1dd37a6098f0) Importer(815301076,1909f56bfc062723c751e8b465ee728b)  -> (artifact id: '6d7646a83c48b69a59a79f5703e0a160') in 0.022486 seconds 
  Import took 0.031031 seconds .

========================================================================
Received Import Request.
  Time since last request: 218.758925 seconds.
  path: Assets/sprites/stars 1_0.controller
  artifactKey: Guid(fe2c5c42c242b7e438384d5d143ae644) Importer(815301076,1909f56bfc062723c751e8b465ee728b)
Start importing Assets/sprites/stars 1_0.controller using Guid(fe2c5c42c242b7e438384d5d143ae644) Importer(815301076,1909f56bfc062723c751e8b465ee728b)  -> (artifact id: 'd23d2ef2790159c79de2f7e3845adeb2') in 0.042433 seconds 
  Import took 0.057012 seconds .

