Using pre-set license
Built from '2020.3/staging' branch; Version is '2020.3.20f1 (41c4e627c95f) revision 4310246'; Using compiler version '192528614'; Build Type 'Release'
OS: 'Windows 10 Home; OS build 19042.1288; Version 2009; 64bit' Language: 'es' Physical Memory: 16228 MB
BatchMode: 1, IsHumanControllingUs: 0, StartBugReporterOnCrash: 0, Is64bit: 1, IsPro: 0

COMMAND LINE ARGUMENTS:
C:\Program Files\Unity\Hub\Editor\2020.3.20f1\Editor\Unity.exe
-adb2
-batchMode
-noUpm
-name
AssetImportWorker0
-projectPath
C:/Users/Leuris/Desktop/ITLA/C3-2021/Programaci贸n 3/Proyecto 2/New Unity Project
-logFile
Logs/AssetImportWorker0.log
-srvPort
55634
Successfully changed project path to: C:/Users/Leuris/Desktop/ITLA/C3-2021/Programaci贸n 3/Proyecto 2/New Unity Project
C:/Users/Leuris/Desktop/ITLA/C3-2021/Programaci贸n 3/Proyecto 2/New Unity Project
Using Asset Import Pipeline V2.
Refreshing native plugins compatible for Editor in 121.89 ms, found 3 plugins.
Preloading 0 native plugins for Editor in 0.00 ms.
Initialize engine version: 2020.3.20f1 (41c4e627c95f)
[Subsystems] Discovering subsystems at path C:/Program Files/Unity/Hub/Editor/2020.3.20f1/Editor/Data/Resources/UnitySubsystems
[Subsystems] Discovering subsystems at path C:/Users/Leuris/Desktop/ITLA/C3-2021/Programaci贸n 3/Proyecto 2/New Unity Project/Assets
GfxDevice: creating device client; threaded=0
Direct3D:
    Version:  Direct3D 11.0 [level 11.1]
    Renderer: Intel(R) UHD Graphics 630 (ID=0x3e9b)
    Vendor:   
    VRAM:     8114 MB
    Driver:   27.20.100.9664
Initialize mono
Mono path[0] = 'C:/Program Files/Unity/Hub/Editor/2020.3.20f1/Editor/Data/Managed'
Mono path[1] = 'C:/Program Files/Unity/Hub/Editor/2020.3.20f1/Editor/Data/MonoBleedingEdge/lib/mono/unityjit'
Mono config path = 'C:/Program Files/Unity/Hub/Editor/2020.3.20f1/Editor/Data/MonoBleedingEdge/etc'
Using monoOptions --debugger-agent=transport=dt_socket,embedding=1,server=y,suspend=n,address=127.0.0.1:56964
Begin MonoManager ReloadAssembly
Registering precompiled unity dll's ...
Register platform support module: C:/Program Files/Unity/Hub/Editor/2020.3.20f1/Editor/Data/PlaybackEngines/WindowsStandaloneSupport/UnityEditor.WindowsStandalone.Extensions.dll
Registered in 0.005296 seconds.
Native extension for WindowsStandalone target not found
Refreshing native plugins compatible for Editor in 212.06 ms, found 3 plugins.
Preloading 0 native plugins for Editor in 0.00 ms.
Mono: successfully reloaded assembly
- Completed reload, in  3.266 seconds
Domain Reload Profiling:
	ReloadAssembly (3266ms)
		BeginReloadAssembly (179ms)
			ExecutionOrderSort (0ms)
			DisableScriptedObjects (0ms)
			BackupInstance (0ms)
			ReleaseScriptingObjects (0ms)
			CreateAndSetChildDomain (2ms)
		EndReloadAssembly (1267ms)
			LoadAssemblies (174ms)
			RebuildTransferFunctionScriptingTraits (0ms)
			SetupTypeCache (375ms)
			ReleaseScriptCaches (0ms)
			RebuildScriptCaches (118ms)
			SetupLoadedEditorAssemblies (578ms)
				LogAssemblyErrors (0ms)
				InitializePlatformSupportModulesInManaged (13ms)
				SetLoadedEditorAssemblies (2ms)
				RefreshPlugins (212ms)
				BeforeProcessingInitializeOnLoad (24ms)
				ProcessInitializeOnLoadAttributes (236ms)
				ProcessInitializeOnLoadMethodAttributes (90ms)
				AfterProcessingInitializeOnLoad (0ms)
				EditorAssembliesLoaded (1ms)
			ExecutionOrderSort2 (0ms)
			AwakeInstancesAfterBackupRestoration (0ms)
Platform modules already initialized, skipping
Registering precompiled user dll's ...
Registered in 0.009988 seconds.
Begin MonoManager ReloadAssembly
Native extension for WindowsStandalone target not found
Refreshing native plugins compatible for Editor in 130.16 ms, found 3 plugins.
Preloading 0 native plugins for Editor in 0.00 ms.
Mono: successfully reloaded assembly
- Completed reload, in  3.145 seconds
Domain Reload Profiling:
	ReloadAssembly (3147ms)
		BeginReloadAssembly (402ms)
			ExecutionOrderSort (0ms)
			DisableScriptedObjects (12ms)
			BackupInstance (0ms)
			ReleaseScriptingObjects (0ms)
			CreateAndSetChildDomain (46ms)
		EndReloadAssembly (2565ms)
			LoadAssemblies (238ms)
			RebuildTransferFunctionScriptingTraits (0ms)
			SetupTypeCache (810ms)
			ReleaseScriptCaches (1ms)
			RebuildScriptCaches (134ms)
			SetupLoadedEditorAssemblies (1026ms)
				LogAssemblyErrors (0ms)
				InitializePlatformSupportModulesInManaged (10ms)
				SetLoadedEditorAssemblies (0ms)
				RefreshPlugins (130ms)
				BeforeProcessingInitializeOnLoad (203ms)
				ProcessInitializeOnLoadAttributes (622ms)
				ProcessInitializeOnLoadMethodAttributes (39ms)
				AfterProcessingInitializeOnLoad (20ms)
				EditorAssembliesLoaded (0ms)
			ExecutionOrderSort2 (0ms)
			AwakeInstancesAfterBackupRestoration (19ms)
Platform modules already initialized, skipping
========================================================================
Worker process is ready to serve import requests
Launched and connected shader compiler UnityShaderCompiler.exe after 0.20 seconds
Refreshing native plugins compatible for Editor in 1.16 ms, found 3 plugins.
Preloading 0 native plugins for Editor in 0.00 ms.
Unloading 2094 Unused Serialized files (Serialized files now loaded: 0)
System memory in use before: 93.8 MB.
System memory in use after: 93.9 MB.

Unloading 26 unused Assets to reduce memory usage. Loaded Objects now: 2533.
Total: 7.528400 ms (FindLiveObjects: 0.322800 ms CreateObjectMapping: 0.334700 ms MarkObjects: 6.700700 ms  DeleteObjects: 0.167800 ms)

AssetImportParameters requested are different than current active one (requested -> active):
  custom:framework-win-MediaFoundation: 216162199b28c13a410421893ffa2e32 -> 
  custom:video-decoder-ogg-theora: a1e56fd34408186e4bbccfd4996cb3dc -> 
  custom:container-muxer-webm: aa71ff27fc2769a1b78a27578f13a17b -> 
  custom:container-demuxer-webm: 4f35f7cbe854078d1ac9338744f61a02 -> 
  custom:container-demuxer-ogg: 62fdf1f143b41e24485cea50d1cbac27 -> 
  custom:video-encoder-webm-vp8: eb34c28f22e8b96e1ab97ce403110664 -> 
  custom:video-decoder-webm-vp8: 9c59270c3fd7afecdb556c50c9e8de78 -> 
  custom:audio-decoder-ogg-vorbis: bf7c407c2cedff20999df2af8eb42d56 -> 
  custom:audio-encoder-webm-vorbis: bf7c407c2cedff20999df2af8eb42d56 -> 
========================================================================
Received Import Request.
  path: Assets/Scripts/naveController.cs
  artifactKey: Guid(f790f579a0e57044c950fe8adcb444b0) Importer(815301076,1909f56bfc062723c751e8b465ee728b)
Start importing Assets/Scripts/naveController.cs using Guid(f790f579a0e57044c950fe8adcb444b0) Importer(815301076,1909f56bfc062723c751e8b465ee728b)  -> (artifact id: '1f65d36f75101011aa4dbce1a3d39e98') in 0.105397 seconds 
  Import took 0.114451 seconds .

========================================================================
Received Prepare
Registering precompiled user dll's ...
Registered in 0.010807 seconds.
Begin MonoManager ReloadAssembly
Native extension for WindowsStandalone target not found
Refreshing native plugins compatible for Editor in 1.48 ms, found 3 plugins.
Preloading 0 native plugins for Editor in 0.00 ms.
Mono: successfully reloaded assembly
- Completed reload, in  3.798 seconds
Domain Reload Profiling:
	ReloadAssembly (3799ms)
		BeginReloadAssembly (362ms)
			ExecutionOrderSort (0ms)
			DisableScriptedObjects (31ms)
			BackupInstance (0ms)
			ReleaseScriptingObjects (0ms)
			CreateAndSetChildDomain (103ms)
		EndReloadAssembly (3172ms)
			LoadAssemblies (318ms)
			RebuildTransferFunctionScriptingTraits (0ms)
			SetupTypeCache (1118ms)
			ReleaseScriptCaches (2ms)
			RebuildScriptCaches (173ms)
			SetupLoadedEditorAssemblies (1091ms)
				LogAssemblyErrors (0ms)
				InitializePlatformSupportModulesInManaged (19ms)
				SetLoadedEditorAssemblies (2ms)
				RefreshPlugins (2ms)
				BeforeProcessingInitializeOnLoad (247ms)
				ProcessInitializeOnLoadAttributes (776ms)
				ProcessInitializeOnLoadMethodAttributes (23ms)
				AfterProcessingInitializeOnLoad (21ms)
				EditorAssembliesLoaded (0ms)
			ExecutionOrderSort2 (0ms)
			AwakeInstancesAfterBackupRestoration (40ms)
Platform modules already initialized, skipping
Refreshing native plugins compatible for Editor in 1.00 ms, found 3 plugins.
Preloading 0 native plugins for Editor in 0.00 ms.
Unloading 2084 Unused Serialized files (Serialized files now loaded: 0)
System memory in use before: 93.2 MB.
System memory in use after: 93.3 MB.

Unloading 14 unused Assets to reduce memory usage. Loaded Objects now: 2536.
Total: 10.322000 ms (FindLiveObjects: 0.514800 ms CreateObjectMapping: 0.262100 ms MarkObjects: 9.466900 ms  DeleteObjects: 0.075700 ms)

AssetImportParameters requested are different than current active one (requested -> active):
  custom:framework-win-MediaFoundation: 216162199b28c13a410421893ffa2e32 -> 
  custom:video-decoder-ogg-theora: a1e56fd34408186e4bbccfd4996cb3dc -> 
  custom:container-muxer-webm: aa71ff27fc2769a1b78a27578f13a17b -> 
  custom:container-demuxer-webm: 4f35f7cbe854078d1ac9338744f61a02 -> 
  custom:container-demuxer-ogg: 62fdf1f143b41e24485cea50d1cbac27 -> 
  custom:video-encoder-webm-vp8: eb34c28f22e8b96e1ab97ce403110664 -> 
  custom:video-decoder-webm-vp8: 9c59270c3fd7afecdb556c50c9e8de78 -> 
  custom:audio-decoder-ogg-vorbis: bf7c407c2cedff20999df2af8eb42d56 -> 
  custom:audio-encoder-webm-vorbis: bf7c407c2cedff20999df2af8eb42d56 -> 
========================================================================
Received Import Request.
  Time since last request: 58.486132 seconds.
  path: Assets/Scripts/naveController.cs
  artifactKey: Guid(f790f579a0e57044c950fe8adcb444b0) Importer(815301076,1909f56bfc062723c751e8b465ee728b)
Start importing Assets/Scripts/naveController.cs using Guid(f790f579a0e57044c950fe8adcb444b0) Importer(815301076,1909f56bfc062723c751e8b465ee728b)  -> (artifact id: 'f6db2b093d4cc9e2232fdf8cd1215703') in 0.014977 seconds 
  Import took 0.024610 seconds .

========================================================================
Received Import Request.
  Time since last request: 43.715800 seconds.
  path: Assets/Warped Shooting Fx
  artifactKey: Guid(521e6a90f1cbf3c4db7dcacd121ca3e4) Importer(815301076,1909f56bfc062723c751e8b465ee728b)
Start importing Assets/Warped Shooting Fx using Guid(521e6a90f1cbf3c4db7dcacd121ca3e4) Importer(815301076,1909f56bfc062723c751e8b465ee728b)  -> (artifact id: 'feb667c217ad20927d78825fbf551c24') in 0.021007 seconds 
  Import took 0.030665 seconds .

========================================================================
Received Import Request.
  Time since last request: 2.131916 seconds.
  path: Assets/Warped Shooting Fx/Pixel Art
  artifactKey: Guid(d6725281d91a640bda724ef45e60a379) Importer(815301076,1909f56bfc062723c751e8b465ee728b)
Start importing Assets/Warped Shooting Fx/Pixel Art using Guid(d6725281d91a640bda724ef45e60a379) Importer(815301076,1909f56bfc062723c751e8b465ee728b)  -> (artifact id: '3915ec153995aa02e90df5791acd34fb') in 0.025820 seconds 
  Import took 0.033171 seconds .

========================================================================
Received Import Request.
  Time since last request: 31.652735 seconds.
  path: Assets/Warped Shooting Fx/Pixel Art/Bolt
  artifactKey: Guid(64af1e7157c2e42c08f72cb2fba946ed) Importer(815301076,1909f56bfc062723c751e8b465ee728b)
Start importing Assets/Warped Shooting Fx/Pixel Art/Bolt using Guid(64af1e7157c2e42c08f72cb2fba946ed) Importer(815301076,1909f56bfc062723c751e8b465ee728b)  -> (artifact id: '769bb5354eae0723a53a31dd6f02b7a6') in 0.030615 seconds 
  Import took 0.043793 seconds .

========================================================================
Received Import Request.
  Time since last request: 0.105831 seconds.
  path: Assets/Warped Shooting Fx/Pixel Art/Bolt/bolt1.png
  artifactKey: Guid(9687b8cba872c4f50aeb3b2b3ff1a0b7) Importer(815301076,1909f56bfc062723c751e8b465ee728b)
Start importing Assets/Warped Shooting Fx/Pixel Art/Bolt/bolt1.png using Guid(9687b8cba872c4f50aeb3b2b3ff1a0b7) Importer(815301076,1909f56bfc062723c751e8b465ee728b)  -> (artifact id: '897b1e080c11c81f7fdb7cc55b914a32') in 0.262010 seconds 
  Import took 0.272473 seconds .

========================================================================
Received Import Request.
  Time since last request: 0.000659 seconds.
  path: Assets/Warped Shooting Fx/Pixel Art/Bolt/bolt3.png
  artifactKey: Guid(d46cf87437813484195d4a2eb2194538) Importer(815301076,1909f56bfc062723c751e8b465ee728b)
Start importing Assets/Warped Shooting Fx/Pixel Art/Bolt/bolt3.png using Guid(d46cf87437813484195d4a2eb2194538) Importer(815301076,1909f56bfc062723c751e8b465ee728b)  -> (artifact id: '5bac78201f632528d4cf2be1442816bf') in 0.044808 seconds 
  Import took 0.053697 seconds .

========================================================================
Received Import Request.
  Time since last request: 0.000646 seconds.
  path: Assets/Warped Shooting Fx/Pixel Art/Bolt/bolt4.png
  artifactKey: Guid(18e43425d25ba4059b0c5ed560a3622d) Importer(815301076,1909f56bfc062723c751e8b465ee728b)
Start importing Assets/Warped Shooting Fx/Pixel Art/Bolt/bolt4.png using Guid(18e43425d25ba4059b0c5ed560a3622d) Importer(815301076,1909f56bfc062723c751e8b465ee728b)  -> (artifact id: '599c879953bad4994d964a82ab6ef710') in 0.050028 seconds 
  Import took 0.060534 seconds .

========================================================================
Received Import Request.
  Time since last request: 0.000601 seconds.
  path: Assets/Warped Shooting Fx/Pixel Art/Bolt/bolt2.png
  artifactKey: Guid(1cd30868a44d44b629d279c30fbf7c3a) Importer(815301076,1909f56bfc062723c751e8b465ee728b)
Start importing Assets/Warped Shooting Fx/Pixel Art/Bolt/bolt2.png using Guid(1cd30868a44d44b629d279c30fbf7c3a) Importer(815301076,1909f56bfc062723c751e8b465ee728b)  -> (artifact id: '284eb645db2669e260144beb3518a3f5') in 0.044503 seconds 
  Import took 0.055578 seconds .

========================================================================
Received Import Request.
  Time since last request: 13.758528 seconds.
  path: Assets/Warped Shooting Fx/Pixel Art/Charged
  artifactKey: Guid(9307eabb584a740e18a6cf7ed1d4819d) Importer(815301076,1909f56bfc062723c751e8b465ee728b)
Start importing Assets/Warped Shooting Fx/Pixel Art/Charged using Guid(9307eabb584a740e18a6cf7ed1d4819d) Importer(815301076,1909f56bfc062723c751e8b465ee728b)  -> (artifact id: '4ad2c26ed24da89cef8b3d9b465a81a5') in 0.016460 seconds 
  Import took 0.023242 seconds .

========================================================================
Received Import Request.
  Time since last request: 0.059860 seconds.
  path: Assets/Warped Shooting Fx/Pixel Art/Charged/charged1.png
  artifactKey: Guid(4d79ef79b5a264cfd9b4195c5a9760d9) Importer(815301076,1909f56bfc062723c751e8b465ee728b)
Start importing Assets/Warped Shooting Fx/Pixel Art/Charged/charged1.png using Guid(4d79ef79b5a264cfd9b4195c5a9760d9) Importer(815301076,1909f56bfc062723c751e8b465ee728b)  -> (artifact id: '2bf4a3d24fe72dc415b6399f0b37262f') in 0.044756 seconds 
  Import took 0.055839 seconds .

========================================================================
Received Import Request.
  Time since last request: 0.000751 seconds.
  path: Assets/Warped Shooting Fx/Pixel Art/Charged/charged6.png
  artifactKey: Guid(1263c07a328ac43c19ff6c1a79a887a3) Importer(815301076,1909f56bfc062723c751e8b465ee728b)
Start importing Assets/Warped Shooting Fx/Pixel Art/Charged/charged6.png using Guid(1263c07a328ac43c19ff6c1a79a887a3) Importer(815301076,1909f56bfc062723c751e8b465ee728b)  -> (artifact id: 'd214c64764dc15a7a0d3cb8cd4395d28') in 0.045498 seconds 
  Import took 0.055964 seconds .

========================================================================
Received Import Request.
  Time since last request: 0.000567 seconds.
  path: Assets/Warped Shooting Fx/Pixel Art/Charged/charged3.png
  artifactKey: Guid(b0c6974df064d4e598639a04c698f5e2) Importer(815301076,1909f56bfc062723c751e8b465ee728b)
Start importing Assets/Warped Shooting Fx/Pixel Art/Charged/charged3.png using Guid(b0c6974df064d4e598639a04c698f5e2) Importer(815301076,1909f56bfc062723c751e8b465ee728b)  -> (artifact id: '548cd6b9e72dcbd332db5c0ca3e03f0c') in 0.048290 seconds 
  Import took 0.057765 seconds .

========================================================================
Received Import Request.
  Time since last request: 0.000654 seconds.
  path: Assets/Warped Shooting Fx/Pixel Art/Charged/charged5.png
  artifactKey: Guid(bf2a7bc626bdb40adac0b5f94edeaca6) Importer(815301076,1909f56bfc062723c751e8b465ee728b)
Start importing Assets/Warped Shooting Fx/Pixel Art/Charged/charged5.png using Guid(bf2a7bc626bdb40adac0b5f94edeaca6) Importer(815301076,1909f56bfc062723c751e8b465ee728b)  -> (artifact id: 'd369f909091f20f8c2a9a9e3fdda1f31') in 0.047235 seconds 
  Import took 0.056302 seconds .

========================================================================
Received Import Request.
  Time since last request: 0.000572 seconds.
  path: Assets/Warped Shooting Fx/Pixel Art/Charged/charged2.png
  artifactKey: Guid(4ef69770c17cd47219e76038736e9e8f) Importer(815301076,1909f56bfc062723c751e8b465ee728b)
Start importing Assets/Warped Shooting Fx/Pixel Art/Charged/charged2.png using Guid(4ef69770c17cd47219e76038736e9e8f) Importer(815301076,1909f56bfc062723c751e8b465ee728b)  -> (artifact id: '9f1b6dfb0ec409ce0814b6c757eab3e4') in 0.044905 seconds 
  Import took 0.056344 seconds .

========================================================================
Received Import Request.
  Time since last request: 0.000688 seconds.
  path: Assets/Warped Shooting Fx/Pixel Art/Charged/charged4.png
  artifactKey: Guid(b1487fd8c4d1a4193a036cbc5cf81bc3) Importer(815301076,1909f56bfc062723c751e8b465ee728b)
Start importing Assets/Warped Shooting Fx/Pixel Art/Charged/charged4.png using Guid(b1487fd8c4d1a4193a036cbc5cf81bc3) Importer(815301076,1909f56bfc062723c751e8b465ee728b)  -> (artifact id: '81cd1c516c902367ae5f5d2037c9d4c2') in 0.042085 seconds 
  Import took 0.055254 seconds .

========================================================================
Received Import Request.
  Time since last request: 5.946998 seconds.
  path: Assets/Warped Shooting Fx/Pixel Art/Crossed
  artifactKey: Guid(c5cd24648d9464106ac6421393cffbc8) Importer(815301076,1909f56bfc062723c751e8b465ee728b)
Start importing Assets/Warped Shooting Fx/Pixel Art/Crossed using Guid(c5cd24648d9464106ac6421393cffbc8) Importer(815301076,1909f56bfc062723c751e8b465ee728b)  -> (artifact id: '397b4e087fe6331084b45d362a971140') in 0.021769 seconds 
  Import took 0.029530 seconds .

========================================================================
Received Import Request.
  Time since last request: 0.075082 seconds.
  path: Assets/Warped Shooting Fx/Pixel Art/Crossed/crossed1.png
  artifactKey: Guid(1bafe9d8b38ab4bf9ba9db099e4d7156) Importer(815301076,1909f56bfc062723c751e8b465ee728b)
Start importing Assets/Warped Shooting Fx/Pixel Art/Crossed/crossed1.png using Guid(1bafe9d8b38ab4bf9ba9db099e4d7156) Importer(815301076,1909f56bfc062723c751e8b465ee728b)  -> (artifact id: 'e715a45ac0250f68c7b6d9fa6da0f4f4') in 0.041097 seconds 
  Import took 0.049364 seconds .

========================================================================
Received Import Request.
  Time since last request: 0.000620 seconds.
  path: Assets/Warped Shooting Fx/Pixel Art/Crossed/crossed5.png
  artifactKey: Guid(96a1fcb1ba59e446a82c38ed52b10648) Importer(815301076,1909f56bfc062723c751e8b465ee728b)
Start importing Assets/Warped Shooting Fx/Pixel Art/Crossed/crossed5.png using Guid(96a1fcb1ba59e446a82c38ed52b10648) Importer(815301076,1909f56bfc062723c751e8b465ee728b)  -> (artifact id: 'd632d5cd840352a8c7359fea59a371cc') in 0.040114 seconds 
  Import took 0.048705 seconds .

========================================================================
Received Import Request.
  Time since last request: 0.000709 seconds.
  path: Assets/Warped Shooting Fx/Pixel Art/Crossed/crossed3.png
  artifactKey: Guid(2923b2bd71b7543f0abec5366236955b) Importer(815301076,1909f56bfc062723c751e8b465ee728b)
Start importing Assets/Warped Shooting Fx/Pixel Art/Crossed/crossed3.png using Guid(2923b2bd71b7543f0abec5366236955b) Importer(815301076,1909f56bfc062723c751e8b465ee728b)  -> (artifact id: '2b64f09ee9f0176a23aac1c90c1916c6') in 0.038555 seconds 
  Import took 0.047634 seconds .

========================================================================
Received Import Request.
  Time since last request: 0.000576 seconds.
  path: Assets/Warped Shooting Fx/Pixel Art/Crossed/crossed6.png
  artifactKey: Guid(5cf070071288f47de93f37f2266c5a53) Importer(815301076,1909f56bfc062723c751e8b465ee728b)
Start importing Assets/Warped Shooting Fx/Pixel Art/Crossed/crossed6.png using Guid(5cf070071288f47de93f37f2266c5a53) Importer(815301076,1909f56bfc062723c751e8b465ee728b)  -> (artifact id: '221069e2dcb844162fd3770238d66f6b') in 0.041928 seconds 
  Import took 0.050997 seconds .

========================================================================
Received Import Request.
  Time since last request: 0.000597 seconds.
  path: Assets/Warped Shooting Fx/Pixel Art/Crossed/crossed4.png
  artifactKey: Guid(7b72a4a7f319f495d9ce0dde84843b40) Importer(815301076,1909f56bfc062723c751e8b465ee728b)
Start importing Assets/Warped Shooting Fx/Pixel Art/Crossed/crossed4.png using Guid(7b72a4a7f319f495d9ce0dde84843b40) Importer(815301076,1909f56bfc062723c751e8b465ee728b)  -> (artifact id: 'd7ba64e8c7b5bf431b619eeb3b751049') in 0.040384 seconds 
  Import took 0.048842 seconds .

========================================================================
Received Import Request.
  Time since last request: 0.000688 seconds.
  path: Assets/Warped Shooting Fx/Pixel Art/Crossed/crossed2.png
  artifactKey: Guid(0387054b082bb48b288527af5ce34c02) Importer(815301076,1909f56bfc062723c751e8b465ee728b)
Start importing Assets/Warped Shooting Fx/Pixel Art/Crossed/crossed2.png using Guid(0387054b082bb48b288527af5ce34c02) Importer(815301076,1909f56bfc062723c751e8b465ee728b)  -> (artifact id: '88bea6fd648c4f052ef1662f5d74a856') in 0.041703 seconds 
  Import took 0.049965 seconds .

========================================================================
Received Import Request.
  Time since last request: 6.969411 seconds.
  path: Assets/Warped Shooting Fx/Pixel Art/Hits
  artifactKey: Guid(023ec5efdcc1d485384943fd9b17449b) Importer(815301076,1909f56bfc062723c751e8b465ee728b)
Start importing Assets/Warped Shooting Fx/Pixel Art/Hits using Guid(023ec5efdcc1d485384943fd9b17449b) Importer(815301076,1909f56bfc062723c751e8b465ee728b)  -> (artifact id: 'a12dabe623bc3564a73ad4023e8d6044') in 0.032431 seconds 
  Import took 0.046236 seconds .

========================================================================
Received Import Request.
  Time since last request: 1.838678 seconds.
  path: Assets/Warped Shooting Fx/Pixel Art/Hits/Hit-1
  artifactKey: Guid(5f7ef661f826d40279c092e0422fca91) Importer(815301076,1909f56bfc062723c751e8b465ee728b)
Start importing Assets/Warped Shooting Fx/Pixel Art/Hits/Hit-1 using Guid(5f7ef661f826d40279c092e0422fca91) Importer(815301076,1909f56bfc062723c751e8b465ee728b)  -> (artifact id: '7860216722841211ae3b75999f9344e1') in 0.019352 seconds 
  Import took 0.026597 seconds .

========================================================================
Received Import Request.
  Time since last request: 0.056443 seconds.
  path: Assets/Warped Shooting Fx/Pixel Art/Hits/Hit-1/hits-1-1.png
  artifactKey: Guid(27ff21fb9b7ed4079a65bdb8b0fc27c3) Importer(815301076,1909f56bfc062723c751e8b465ee728b)
Start importing Assets/Warped Shooting Fx/Pixel Art/Hits/Hit-1/hits-1-1.png using Guid(27ff21fb9b7ed4079a65bdb8b0fc27c3) Importer(815301076,1909f56bfc062723c751e8b465ee728b)  -> (artifact id: 'f17786c90d8e931f9c3b1ae08c58920c') in 0.048168 seconds 
  Import took 0.058250 seconds .

========================================================================
Received Import Request.
  Time since last request: 0.000751 seconds.
  path: Assets/Warped Shooting Fx/Pixel Art/Hits/Hit-1/hits-1-5.png
  artifactKey: Guid(99e36729618df468b8a418b22c04d92d) Importer(815301076,1909f56bfc062723c751e8b465ee728b)
Start importing Assets/Warped Shooting Fx/Pixel Art/Hits/Hit-1/hits-1-5.png using Guid(99e36729618df468b8a418b22c04d92d) Importer(815301076,1909f56bfc062723c751e8b465ee728b)  -> (artifact id: '8ea618c090c02c850515c2a0e78a0e5c') in 0.041360 seconds 
  Import took 0.049621 seconds .

========================================================================
Received Import Request.
  Time since last request: 0.000474 seconds.
  path: Assets/Warped Shooting Fx/Pixel Art/Hits/Hit-1/hits-1-3.png
  artifactKey: Guid(31d43573bd1494325a6a26547683d90f) Importer(815301076,1909f56bfc062723c751e8b465ee728b)
Start importing Assets/Warped Shooting Fx/Pixel Art/Hits/Hit-1/hits-1-3.png using Guid(31d43573bd1494325a6a26547683d90f) Importer(815301076,1909f56bfc062723c751e8b465ee728b)  -> (artifact id: 'b6f228205b4dddd430fd8fa0fbf7aed6') in 0.042270 seconds 
  Import took 0.051538 seconds .

========================================================================
Received Import Request.
  Time since last request: 0.000529 seconds.
  path: Assets/Warped Shooting Fx/Pixel Art/Hits/Hit-1/hits-1-2.png
  artifactKey: Guid(54d143e2b2e3041e8988b21d3e7eb773) Importer(815301076,1909f56bfc062723c751e8b465ee728b)
Start importing Assets/Warped Shooting Fx/Pixel Art/Hits/Hit-1/hits-1-2.png using Guid(54d143e2b2e3041e8988b21d3e7eb773) Importer(815301076,1909f56bfc062723c751e8b465ee728b)  -> (artifact id: '44380cb42b38c52e3e90e1644954cfb7') in 0.039059 seconds 
  Import took 0.047700 seconds .

========================================================================
Received Import Request.
  Time since last request: 0.000551 seconds.
  path: Assets/Warped Shooting Fx/Pixel Art/Hits/Hit-1/hits-1-4.png
  artifactKey: Guid(58c105e79a5b44d279cf9ae9de4fc4ff) Importer(815301076,1909f56bfc062723c751e8b465ee728b)
Start importing Assets/Warped Shooting Fx/Pixel Art/Hits/Hit-1/hits-1-4.png using Guid(58c105e79a5b44d279cf9ae9de4fc4ff) Importer(815301076,1909f56bfc062723c751e8b465ee728b)  -> (artifact id: 'b88199e515e29ec5476fe955ba8ec77d') in 0.041597 seconds 
  Import took 0.049679 seconds .

========================================================================
Received Import Request.
  Time since last request: 4.945562 seconds.
  path: Assets/Warped Shooting Fx/Pixel Art/Hits/Hit-2
  artifactKey: Guid(bda7e83ee5c83414c84c81753ab3d3b1) Importer(815301076,1909f56bfc062723c751e8b465ee728b)
Start importing Assets/Warped Shooting Fx/Pixel Art/Hits/Hit-2 using Guid(bda7e83ee5c83414c84c81753ab3d3b1) Importer(815301076,1909f56bfc062723c751e8b465ee728b)  -> (artifact id: 'd9383496187a8146c34610d80939310c') in 0.023896 seconds 
  Import took 0.035463 seconds .

========================================================================
Received Import Request.
  Time since last request: 0.050179 seconds.
  path: Assets/Warped Shooting Fx/Pixel Art/Hits/Hit-2/hits-2-1.png
  artifactKey: Guid(de7cd932501094988a25e04e44b1b9f8) Importer(815301076,1909f56bfc062723c751e8b465ee728b)
Start importing Assets/Warped Shooting Fx/Pixel Art/Hits/Hit-2/hits-2-1.png using Guid(de7cd932501094988a25e04e44b1b9f8) Importer(815301076,1909f56bfc062723c751e8b465ee728b)  -> (artifact id: '04c173b929b9bf930d105f678e2ae521') in 0.054904 seconds 
  Import took 0.063266 seconds .

========================================================================
Received Import Request.
  Time since last request: 0.000593 seconds.
  path: Assets/Warped Shooting Fx/Pixel Art/Hits/Hit-2/hits-2-2.png
  artifactKey: Guid(d5e3988cacb5346db8efe0d6f8745731) Importer(815301076,1909f56bfc062723c751e8b465ee728b)
Start importing Assets/Warped Shooting Fx/Pixel Art/Hits/Hit-2/hits-2-2.png using Guid(d5e3988cacb5346db8efe0d6f8745731) Importer(815301076,1909f56bfc062723c751e8b465ee728b)  -> (artifact id: 'aca58577d9196dcd55110a23dbfb848a') in 0.044248 seconds 
  Import took 0.050867 seconds .

========================================================================
Received Import Request.
  Time since last request: 0.000593 seconds.
  path: Assets/Warped Shooting Fx/Pixel Art/Hits/Hit-2/hits-2-6.png
  artifactKey: Guid(d9b8cd64d65c64ca88939384ea5e4f62) Importer(815301076,1909f56bfc062723c751e8b465ee728b)
Start importing Assets/Warped Shooting Fx/Pixel Art/Hits/Hit-2/hits-2-6.png using Guid(d9b8cd64d65c64ca88939384ea5e4f62) Importer(815301076,1909f56bfc062723c751e8b465ee728b)  -> (artifact id: 'b982cbb415c88a1e2ebbce5d4271c652') in 0.041933 seconds 
  Import took 0.050457 seconds .

========================================================================
Received Import Request.
  Time since last request: 0.000638 seconds.
  path: Assets/Warped Shooting Fx/Pixel Art/Hits/Hit-2/hits-2-4.png
  artifactKey: Guid(2a09c3dbb37094c158b67694c29c5f9b) Importer(815301076,1909f56bfc062723c751e8b465ee728b)
Start importing Assets/Warped Shooting Fx/Pixel Art/Hits/Hit-2/hits-2-4.png using Guid(2a09c3dbb37094c158b67694c29c5f9b) Importer(815301076,1909f56bfc062723c751e8b465ee728b)  -> (artifact id: '05a3df5928c4e15a9ad2c82315d43cd7') in 0.043186 seconds 
  Import took 0.053179 seconds .

========================================================================
Received Import Request.
  Time since last request: 0.000690 seconds.
  path: Assets/Warped Shooting Fx/Pixel Art/Hits/Hit-2/hits-2-3.png
  artifactKey: Guid(2cae3ffcadd7e4f258bc2fbc12fab01b) Importer(815301076,1909f56bfc062723c751e8b465ee728b)
Start importing Assets/Warped Shooting Fx/Pixel Art/Hits/Hit-2/hits-2-3.png using Guid(2cae3ffcadd7e4f258bc2fbc12fab01b) Importer(815301076,1909f56bfc062723c751e8b465ee728b)  -> (artifact id: 'c2dbd371dd6e526f43d0a597676c9fc3') in 0.042397 seconds 
  Import took 0.052209 seconds .

========================================================================
Received Import Request.
  Time since last request: 0.000677 seconds.
  path: Assets/Warped Shooting Fx/Pixel Art/Hits/Hit-2/hits-2-7.png
  artifactKey: Guid(c069df217bc9948958d20a8717a148ff) Importer(815301076,1909f56bfc062723c751e8b465ee728b)
Start importing Assets/Warped Shooting Fx/Pixel Art/Hits/Hit-2/hits-2-7.png using Guid(c069df217bc9948958d20a8717a148ff) Importer(815301076,1909f56bfc062723c751e8b465ee728b)  -> (artifact id: '28b72ba2813c61b32323a00cfb6c1a7c') in 0.042608 seconds 
  Import took 0.052118 seconds .

========================================================================
Received Import Request.
  Time since last request: 0.000609 seconds.
  path: Assets/Warped Shooting Fx/Pixel Art/Hits/Hit-2/hits-2-5.png
  artifactKey: Guid(a7432d62b8b8749f9828cc9ab98283e0) Importer(815301076,1909f56bfc062723c751e8b465ee728b)
Start importing Assets/Warped Shooting Fx/Pixel Art/Hits/Hit-2/hits-2-5.png using Guid(a7432d62b8b8749f9828cc9ab98283e0) Importer(815301076,1909f56bfc062723c751e8b465ee728b)  -> (artifact id: '8f1278f3b651112c920c902794f7127c') in 0.042973 seconds 
  Import took 0.052325 seconds .

========================================================================
Received Import Request.
  Time since last request: 6.040739 seconds.
  path: Assets/Warped Shooting Fx/Pixel Art/Hits/Hit-3
  artifactKey: Guid(08ebc9dd373ab4b43b62ebf7f416b7f0) Importer(815301076,1909f56bfc062723c751e8b465ee728b)
Start importing Assets/Warped Shooting Fx/Pixel Art/Hits/Hit-3 using Guid(08ebc9dd373ab4b43b62ebf7f416b7f0) Importer(815301076,1909f56bfc062723c751e8b465ee728b)  -> (artifact id: 'd9e68649f12d1dc6354416f3bba06dc1') in 0.018304 seconds 
  Import took 0.025270 seconds .

========================================================================
Received Import Request.
  Time since last request: 0.072358 seconds.
  path: Assets/Warped Shooting Fx/Pixel Art/Hits/Hit-3/hits-3-1.png
  artifactKey: Guid(aebeab716d07a4a0584a05bca757ed93) Importer(815301076,1909f56bfc062723c751e8b465ee728b)
Start importing Assets/Warped Shooting Fx/Pixel Art/Hits/Hit-3/hits-3-1.png using Guid(aebeab716d07a4a0584a05bca757ed93) Importer(815301076,1909f56bfc062723c751e8b465ee728b)  -> (artifact id: '32cdb72d97a0ecda4971448c0dca502f') in 0.041925 seconds 
  Import took 0.050839 seconds .

========================================================================
Received Import Request.
  Time since last request: 0.000566 seconds.
  path: Assets/Warped Shooting Fx/Pixel Art/Hits/Hit-3/hits-3-2.png
  artifactKey: Guid(19fdcb82191b34d74986844e288c775a) Importer(815301076,1909f56bfc062723c751e8b465ee728b)
Start importing Assets/Warped Shooting Fx/Pixel Art/Hits/Hit-3/hits-3-2.png using Guid(19fdcb82191b34d74986844e288c775a) Importer(815301076,1909f56bfc062723c751e8b465ee728b)  -> (artifact id: '7683b40f5ef57e6be6d5db8476501b86') in 0.041854 seconds 
  Import took 0.048850 seconds .

========================================================================
Received Import Request.
  Time since last request: 0.000562 seconds.
  path: Assets/Warped Shooting Fx/Pixel Art/Hits/Hit-3/hits-3-3.png
  artifactKey: Guid(06c3bd7dc0d384b34939db021898ce8b) Importer(815301076,1909f56bfc062723c751e8b465ee728b)
Start importing Assets/Warped Shooting Fx/Pixel Art/Hits/Hit-3/hits-3-3.png using Guid(06c3bd7dc0d384b34939db021898ce8b) Importer(815301076,1909f56bfc062723c751e8b465ee728b)  -> (artifact id: '3a8b843d2b1a451ac98aaaa39146115d') in 0.041072 seconds 
  Import took 0.049142 seconds .

========================================================================
Received Import Request.
  Time since last request: 0.000847 seconds.
  path: Assets/Warped Shooting Fx/Pixel Art/Hits/Hit-3/hits-3-4.png
  artifactKey: Guid(3d27a716099be466d8ad3ae42278f222) Importer(815301076,1909f56bfc062723c751e8b465ee728b)
Start importing Assets/Warped Shooting Fx/Pixel Art/Hits/Hit-3/hits-3-4.png using Guid(3d27a716099be466d8ad3ae42278f222) Importer(815301076,1909f56bfc062723c751e8b465ee728b)  -> (artifact id: '4da1b6e3e9f1b5355b95339f1144af78') in 0.043225 seconds 
  Import took 0.053159 seconds .

========================================================================
Received Import Request.
  Time since last request: 0.000679 seconds.
  path: Assets/Warped Shooting Fx/Pixel Art/Hits/Hit-3/hits-3-5.png
  artifactKey: Guid(8dbd3fe0520d840e4a365469cb9bafb6) Importer(815301076,1909f56bfc062723c751e8b465ee728b)
Start importing Assets/Warped Shooting Fx/Pixel Art/Hits/Hit-3/hits-3-5.png using Guid(8dbd3fe0520d840e4a365469cb9bafb6) Importer(815301076,1909f56bfc062723c751e8b465ee728b)  -> (artifact id: '5e7c2313df0320ad2078acce028c9e34') in 0.046517 seconds 
  Import took 0.057006 seconds .

========================================================================
Received Import Request.
  Time since last request: 10.888648 seconds.
  path: Assets/Warped Shooting Fx/Pixel Art/Hits/Hit-4
  artifactKey: Guid(420efa61ff64e464bad42550c69ed6ea) Importer(815301076,1909f56bfc062723c751e8b465ee728b)
Start importing Assets/Warped Shooting Fx/Pixel Art/Hits/Hit-4 using Guid(420efa61ff64e464bad42550c69ed6ea) Importer(815301076,1909f56bfc062723c751e8b465ee728b)  -> (artifact id: 'b0013b10509888327ad677227cfa6c3b') in 0.022894 seconds 
  Import took 0.032303 seconds .

========================================================================
Received Import Request.
  Time since last request: 0.055105 seconds.
  path: Assets/Warped Shooting Fx/Pixel Art/Hits/Hit-4/hits-4-1.png
  artifactKey: Guid(37eeac19a5b214f04a1e2d7e4de4891c) Importer(815301076,1909f56bfc062723c751e8b465ee728b)
Start importing Assets/Warped Shooting Fx/Pixel Art/Hits/Hit-4/hits-4-1.png using Guid(37eeac19a5b214f04a1e2d7e4de4891c) Importer(815301076,1909f56bfc062723c751e8b465ee728b)  -> (artifact id: 'be596572f064d67b4ac3d5163029b15e') in 0.049813 seconds 
  Import took 0.059173 seconds .

========================================================================
Received Import Request.
  Time since last request: 0.000478 seconds.
  path: Assets/Warped Shooting Fx/Pixel Art/Hits/Hit-4/hits-4-2.png
  artifactKey: Guid(0472674fab30c4376ace461facdf4a52) Importer(815301076,1909f56bfc062723c751e8b465ee728b)
Start importing Assets/Warped Shooting Fx/Pixel Art/Hits/Hit-4/hits-4-2.png using Guid(0472674fab30c4376ace461facdf4a52) Importer(815301076,1909f56bfc062723c751e8b465ee728b)  -> (artifact id: 'cc0b4a98e63397621d237f7197835f23') in 0.040561 seconds 
  Import took 0.047823 seconds .

========================================================================
Received Import Request.
  Time since last request: 0.000543 seconds.
  path: Assets/Warped Shooting Fx/Pixel Art/Hits/Hit-4/hits-4-3.png
  artifactKey: Guid(864f19db69d2c4fed8398b7548a28d89) Importer(815301076,1909f56bfc062723c751e8b465ee728b)
Start importing Assets/Warped Shooting Fx/Pixel Art/Hits/Hit-4/hits-4-3.png using Guid(864f19db69d2c4fed8398b7548a28d89) Importer(815301076,1909f56bfc062723c751e8b465ee728b)  -> (artifact id: '6b4abda84fc78f35ba711910281ea173') in 0.039302 seconds 
  Import took 0.047797 seconds .

========================================================================
Received Import Request.
  Time since last request: 0.000720 seconds.
  path: Assets/Warped Shooting Fx/Pixel Art/Hits/Hit-4/hits-4-5.png
  artifactKey: Guid(96d9343b937724d6ba0040b24b3776de) Importer(815301076,1909f56bfc062723c751e8b465ee728b)
Start importing Assets/Warped Shooting Fx/Pixel Art/Hits/Hit-4/hits-4-5.png using Guid(96d9343b937724d6ba0040b24b3776de) Importer(815301076,1909f56bfc062723c751e8b465ee728b)  -> (artifact id: '6bf463fa6d26d2fccf0ccc8d6b1f43ac') in 0.042617 seconds 
  Import took 0.051969 seconds .

========================================================================
Received Import Request.
  Time since last request: 0.000627 seconds.
  path: Assets/Warped Shooting Fx/Pixel Art/Hits/Hit-4/hits-4-6.png
  artifactKey: Guid(5f4745d425b4c429aa661475139c9fc4) Importer(815301076,1909f56bfc062723c751e8b465ee728b)
Start importing Assets/Warped Shooting Fx/Pixel Art/Hits/Hit-4/hits-4-6.png using Guid(5f4745d425b4c429aa661475139c9fc4) Importer(815301076,1909f56bfc062723c751e8b465ee728b)  -> (artifact id: '17ac6bee41f46ce521f6bebbc585f8a8') in 0.040169 seconds 
  Import took 0.049872 seconds .

========================================================================
Received Import Request.
  Time since last request: 0.000637 seconds.
  path: Assets/Warped Shooting Fx/Pixel Art/Hits/Hit-4/hits-4-7.png
  artifactKey: Guid(0fbd3980ff5614401a2b5b0f48f4bc1a) Importer(815301076,1909f56bfc062723c751e8b465ee728b)
Start importing Assets/Warped Shooting Fx/Pixel Art/Hits/Hit-4/hits-4-7.png using Guid(0fbd3980ff5614401a2b5b0f48f4bc1a) Importer(815301076,1909f56bfc062723c751e8b465ee728b)  -> (artifact id: '1e17e62a831cdd821d7d05154150aa77') in 0.042391 seconds 
  Import took 0.051655 seconds .

========================================================================
Received Import Request.
  Time since last request: 0.000631 seconds.
  path: Assets/Warped Shooting Fx/Pixel Art/Hits/Hit-4/hits-4-4.png
  artifactKey: Guid(4aae302bfd1304042bae04832c0dba8e) Importer(815301076,1909f56bfc062723c751e8b465ee728b)
Start importing Assets/Warped Shooting Fx/Pixel Art/Hits/Hit-4/hits-4-4.png using Guid(4aae302bfd1304042bae04832c0dba8e) Importer(815301076,1909f56bfc062723c751e8b465ee728b)  -> (artifact id: '03f492753eb77eddccde8e59d2cde0d7') in 0.042809 seconds 
  Import took 0.051596 seconds .

========================================================================
Received Import Request.
  Time since last request: 3.525921 seconds.
  path: Assets/Warped Shooting Fx/Pixel Art/Hits/Hit-5
  artifactKey: Guid(84056f430195446769a3c69f5a248b45) Importer(815301076,1909f56bfc062723c751e8b465ee728b)
Start importing Assets/Warped Shooting Fx/Pixel Art/Hits/Hit-5 using Guid(84056f430195446769a3c69f5a248b45) Importer(815301076,1909f56bfc062723c751e8b465ee728b)  -> (artifact id: '3af7dd8a736f2d9104d53dd1a0bf474b') in 0.018589 seconds 
  Import took 0.025691 seconds .

========================================================================
Received Import Request.
  Time since last request: 0.059186 seconds.
  path: Assets/Warped Shooting Fx/Pixel Art/Hits/Hit-5/hits-5-1.png
  artifactKey: Guid(28143ee9914fa4778aa01da09f698785) Importer(815301076,1909f56bfc062723c751e8b465ee728b)
Start importing Assets/Warped Shooting Fx/Pixel Art/Hits/Hit-5/hits-5-1.png using Guid(28143ee9914fa4778aa01da09f698785) Importer(815301076,1909f56bfc062723c751e8b465ee728b)  -> (artifact id: 'c3600e76ca01f553176640727a862229') in 0.043405 seconds 
  Import took 0.052714 seconds .

========================================================================
Received Import Request.
  Time since last request: 0.000524 seconds.
  path: Assets/Warped Shooting Fx/Pixel Art/Hits/Hit-5/hits-5-4.png
  artifactKey: Guid(9800673e301ae4c3b97fdded7cebb172) Importer(815301076,1909f56bfc062723c751e8b465ee728b)
Start importing Assets/Warped Shooting Fx/Pixel Art/Hits/Hit-5/hits-5-4.png using Guid(9800673e301ae4c3b97fdded7cebb172) Importer(815301076,1909f56bfc062723c751e8b465ee728b)  -> (artifact id: '88d66b2271eacc3b171d82eecb513d3f') in 0.043477 seconds 
  Import took 0.055165 seconds .

========================================================================
Received Import Request.
  Time since last request: 0.000640 seconds.
  path: Assets/Warped Shooting Fx/Pixel Art/Hits/Hit-5/hits-5-2.png
  artifactKey: Guid(cfae240c2be114e3c8d2c78724b93f57) Importer(815301076,1909f56bfc062723c751e8b465ee728b)
Start importing Assets/Warped Shooting Fx/Pixel Art/Hits/Hit-5/hits-5-2.png using Guid(cfae240c2be114e3c8d2c78724b93f57) Importer(815301076,1909f56bfc062723c751e8b465ee728b)  -> (artifact id: 'a0e5e3b7a7af9c28bb719ef3341effac') in 0.055504 seconds 
  Import took 0.068424 seconds .

========================================================================
Received Import Request.
  Time since last request: 0.000630 seconds.
  path: Assets/Warped Shooting Fx/Pixel Art/Hits/Hit-5/hits-5-5.png
  artifactKey: Guid(341c1a6eb2c3a4e19a7f481905965b21) Importer(815301076,1909f56bfc062723c751e8b465ee728b)
Start importing Assets/Warped Shooting Fx/Pixel Art/Hits/Hit-5/hits-5-5.png using Guid(341c1a6eb2c3a4e19a7f481905965b21) Importer(815301076,1909f56bfc062723c751e8b465ee728b)  -> (artifact id: '02933ab03837b4d258fc995392513e17') in 0.043742 seconds 
  Import took 0.055168 seconds .

========================================================================
Received Import Request.
  Time since last request: 0.000573 seconds.
  path: Assets/Warped Shooting Fx/Pixel Art/Hits/Hit-5/hits-5-3.png
  artifactKey: Guid(0f481441a9c9d4ac791aa3786c80514b) Importer(815301076,1909f56bfc062723c751e8b465ee728b)
Start importing Assets/Warped Shooting Fx/Pixel Art/Hits/Hit-5/hits-5-3.png using Guid(0f481441a9c9d4ac791aa3786c80514b) Importer(815301076,1909f56bfc062723c751e8b465ee728b)  -> (artifact id: 'd0429f17a48fe0e6aa48d91bd135afc2') in 0.044993 seconds 
  Import took 0.055246 seconds .

========================================================================
Received Import Request.
  Time since last request: 0.000669 seconds.
  path: Assets/Warped Shooting Fx/Pixel Art/Hits/Hit-5/hits-5-6.png
  artifactKey: Guid(19cfa9baac6934475bac9a34a71dc532) Importer(815301076,1909f56bfc062723c751e8b465ee728b)
Start importing Assets/Warped Shooting Fx/Pixel Art/Hits/Hit-5/hits-5-6.png using Guid(19cfa9baac6934475bac9a34a71dc532) Importer(815301076,1909f56bfc062723c751e8b465ee728b)  -> (artifact id: 'ed24f8225c06c8fc9bd8368401bbb62e') in 0.049962 seconds 
  Import took 0.060430 seconds .

========================================================================
Received Import Request.
  Time since last request: 0.000665 seconds.
  path: Assets/Warped Shooting Fx/Pixel Art/Hits/Hit-5/hits-5-7.png
  artifactKey: Guid(6f9b078fb946e46179dd1dcf754a2844) Importer(815301076,1909f56bfc062723c751e8b465ee728b)
Start importing Assets/Warped Shooting Fx/Pixel Art/Hits/Hit-5/hits-5-7.png using Guid(6f9b078fb946e46179dd1dcf754a2844) Importer(815301076,1909f56bfc062723c751e8b465ee728b)  -> (artifact id: '14454398c830e5669b44a75a959b1bc9') in 0.056533 seconds 
  Import took 0.067535 seconds .

========================================================================
Received Import Request.
  Time since last request: 3.517790 seconds.
  path: Assets/Warped Shooting Fx/Pixel Art/Hits/Hit-6
  artifactKey: Guid(ebb0c4033dd2c45a19d2ce7dcb01d890) Importer(815301076,1909f56bfc062723c751e8b465ee728b)
Start importing Assets/Warped Shooting Fx/Pixel Art/Hits/Hit-6 using Guid(ebb0c4033dd2c45a19d2ce7dcb01d890) Importer(815301076,1909f56bfc062723c751e8b465ee728b)  -> (artifact id: 'b6803018278be29bf8ffb913af3519e7') in 0.016960 seconds 
  Import took 0.024844 seconds .

========================================================================
Received Import Request.
  Time since last request: 0.067618 seconds.
  path: Assets/Warped Shooting Fx/Pixel Art/Hits/Hit-6/hits-6-preview1.png
  artifactKey: Guid(51fcfc21fe0d4434b8d3739e03a490a4) Importer(815301076,1909f56bfc062723c751e8b465ee728b)
Start importing Assets/Warped Shooting Fx/Pixel Art/Hits/Hit-6/hits-6-preview1.png using Guid(51fcfc21fe0d4434b8d3739e03a490a4) Importer(815301076,1909f56bfc062723c751e8b465ee728b)  -> (artifact id: '61161408272b0a59c2cddde67621100f') in 0.053174 seconds 
  Import took 0.064344 seconds .

========================================================================
Received Import Request.
  Time since last request: 0.000558 seconds.
  path: Assets/Warped Shooting Fx/Pixel Art/Hits/Hit-6/hits-6-preview7.png
  artifactKey: Guid(4cb615598800e4c86a0ca61513536dac) Importer(815301076,1909f56bfc062723c751e8b465ee728b)
Start importing Assets/Warped Shooting Fx/Pixel Art/Hits/Hit-6/hits-6-preview7.png using Guid(4cb615598800e4c86a0ca61513536dac) Importer(815301076,1909f56bfc062723c751e8b465ee728b)  -> (artifact id: 'c82eed24ab741d9e7280a1c0451ac64d') in 0.044120 seconds 
  Import took 0.051958 seconds .

========================================================================
Received Import Request.
  Time since last request: 0.000569 seconds.
  path: Assets/Warped Shooting Fx/Pixel Art/Hits/Hit-6/hits-6-preview5.png
  artifactKey: Guid(c12e102a861bc4364a9fbb07c48b2251) Importer(815301076,1909f56bfc062723c751e8b465ee728b)
Start importing Assets/Warped Shooting Fx/Pixel Art/Hits/Hit-6/hits-6-preview5.png using Guid(c12e102a861bc4364a9fbb07c48b2251) Importer(815301076,1909f56bfc062723c751e8b465ee728b)  -> (artifact id: 'aff6f1deadb7a047b150f7bf1354ce0b') in 0.044504 seconds 
  Import took 0.053836 seconds .

========================================================================
Received Import Request.
  Time since last request: 0.000588 seconds.
  path: Assets/Warped Shooting Fx/Pixel Art/Hits/Hit-6/hits-6-preview2.png
  artifactKey: Guid(e1c70cc19860d48758addc91445ced2d) Importer(815301076,1909f56bfc062723c751e8b465ee728b)
Start importing Assets/Warped Shooting Fx/Pixel Art/Hits/Hit-6/hits-6-preview2.png using Guid(e1c70cc19860d48758addc91445ced2d) Importer(815301076,1909f56bfc062723c751e8b465ee728b)  -> (artifact id: 'b36e83953dd02a16661ca4246106c39b') in 0.043091 seconds 
  Import took 0.052965 seconds .

========================================================================
Received Import Request.
  Time since last request: 0.000633 seconds.
  path: Assets/Warped Shooting Fx/Pixel Art/Hits/Hit-6/hits-6-preview6.png
  artifactKey: Guid(6d1eeda11629e4538b3df1010e644695) Importer(815301076,1909f56bfc062723c751e8b465ee728b)
Start importing Assets/Warped Shooting Fx/Pixel Art/Hits/Hit-6/hits-6-preview6.png using Guid(6d1eeda11629e4538b3df1010e644695) Importer(815301076,1909f56bfc062723c751e8b465ee728b)  -> (artifact id: '6534133eefb9d450cc49cfc7151dab91') in 0.042441 seconds 
  Import took 0.053779 seconds .

========================================================================
Received Import Request.
  Time since last request: 0.000688 seconds.
  path: Assets/Warped Shooting Fx/Pixel Art/Hits/Hit-6/hits-6-preview4.png
  artifactKey: Guid(aaca6958ddd4947d48be76b06901ac37) Importer(815301076,1909f56bfc062723c751e8b465ee728b)
Start importing Assets/Warped Shooting Fx/Pixel Art/Hits/Hit-6/hits-6-preview4.png using Guid(aaca6958ddd4947d48be76b06901ac37) Importer(815301076,1909f56bfc062723c751e8b465ee728b)  -> (artifact id: 'fc5b7226fd18b9b1e204fb3bf4da565f') in 0.042923 seconds 
  Import took 0.052238 seconds .

========================================================================
Received Import Request.
  Time since last request: 0.000615 seconds.
  path: Assets/Warped Shooting Fx/Pixel Art/Hits/Hit-6/hits-6-preview3.png
  artifactKey: Guid(dbb41e28ef2f94891aed9f7310c90eff) Importer(815301076,1909f56bfc062723c751e8b465ee728b)
Start importing Assets/Warped Shooting Fx/Pixel Art/Hits/Hit-6/hits-6-preview3.png using Guid(dbb41e28ef2f94891aed9f7310c90eff) Importer(815301076,1909f56bfc062723c751e8b465ee728b)  -> (artifact id: 'e87b2dce86467a7b76d7501defdfbede') in 0.046067 seconds 
  Import took 0.055985 seconds .

========================================================================
Received Import Request.
  Time since last request: 25.613740 seconds.
  path: Assets/Warped Shooting Fx/Pixel Art/Bolt/bolt1 (1).controller
  artifactKey: Guid(2216a07adddae4cf792492157b6ffa0e) Importer(815301076,1909f56bfc062723c751e8b465ee728b)
Start importing Assets/Warped Shooting Fx/Pixel Art/Bolt/bolt1 (1).controller using Guid(2216a07adddae4cf792492157b6ffa0e) Importer(815301076,1909f56bfc062723c751e8b465ee728b)  -> (artifact id: '429b706831a5a45c533aacb5ff423750') in 0.037646 seconds 
  Import took 0.048529 seconds .

========================================================================
Received Import Request.
  Time since last request: 3.874330 seconds.
  path: Assets/Warped Shooting Fx/Pixel Art/Bolt/Bolt Animation.anim
  artifactKey: Guid(0d282328d972140faa2f98149f9b972b) Importer(815301076,1909f56bfc062723c751e8b465ee728b)
Start importing Assets/Warped Shooting Fx/Pixel Art/Bolt/Bolt Animation.anim using Guid(0d282328d972140faa2f98149f9b972b) Importer(815301076,1909f56bfc062723c751e8b465ee728b)  -> (artifact id: '8deaa4672ced9768178691690c043f8e') in 0.025111 seconds 
  Import took 0.034238 seconds .

========================================================================
Received Import Request.
  Time since last request: 1127.655384 seconds.
  path: Assets/sprites/54667.jpg
  artifactKey: Guid(c783a0d932a896e46a4ad464ae4e09b0) Importer(815301076,1909f56bfc062723c751e8b465ee728b)
Start importing Assets/sprites/54667.jpg using Guid(c783a0d932a896e46a4ad464ae4e09b0) Importer(815301076,1909f56bfc062723c751e8b465ee728b)  -> (artifact id: 'c49a568bccdd31be02d5700f3a1a5e1d') in 0.023418 seconds 
  Import took 0.027931 seconds .

AssetImportWorkerClient::OnTransportError - code=2 error=End of file
